[2020-08-11T12:19:42.991] [DEBUG] cheese - login => username:zzd,password:zuda123
[2020-08-11T12:19:42.993] [DEBUG] cheese - zzd
[2020-08-11T12:19:43.005] [DEBUG] cheese - null
[2020-08-11T12:19:43.005] [DEBUG] cheese - null
[2020-08-11T12:27:23.762] [DEBUG] cheese - login => username:123,password:123
[2020-08-11T12:27:23.763] [DEBUG] cheese - 123
[2020-08-11T12:27:23.775] [DEBUG] cheese - null
[2020-08-11T12:27:23.776] [DEBUG] cheese - null
[2020-08-11T12:31:48.353] [DEBUG] cheese - login => username:123,password:123
[2020-08-11T12:31:48.354] [DEBUG] cheese - 123
[2020-08-11T12:31:48.357] [DEBUG] cheese - null
[2020-08-11T12:31:48.357] [DEBUG] cheese - null
[2020-08-11T13:02:10.256] [DEBUG] cheese - login => username:123,password:123
[2020-08-11T13:02:10.256] [DEBUG] cheese - 123
[2020-08-11T13:02:10.259] [DEBUG] cheese - null
[2020-08-11T13:02:10.259] [DEBUG] cheese - null
[2020-08-11T13:03:11.251] [DEBUG] cheese - login => username:123,password:123
[2020-08-11T13:03:11.251] [DEBUG] cheese - 123
[2020-08-11T13:03:11.253] [DEBUG] cheese - null
[2020-08-11T13:03:11.253] [DEBUG] cheese - null
[2020-08-11T13:38:04.646] [DEBUG] cheese - login => username:123,password:123
[2020-08-11T13:38:04.646] [DEBUG] cheese - 123
[2020-08-11T13:38:04.649] [DEBUG] cheese - null
[2020-08-11T13:38:04.649] [DEBUG] cheese - null
[2020-08-11T13:40:35.567] [DEBUG] cheese - login => username:123,password:123
[2020-08-11T13:40:35.568] [DEBUG] cheese - 123
[2020-08-11T13:40:35.571] [DEBUG] cheese - null
[2020-08-11T13:40:35.571] [DEBUG] cheese - null
[2020-08-11T13:42:40.595] [DEBUG] cheese - login => username:123,password:123
[2020-08-11T13:42:40.595] [DEBUG] cheese - 123
[2020-08-11T13:42:40.597] [DEBUG] cheese - null
[2020-08-11T13:42:40.597] [DEBUG] cheese - null
[2020-08-11T13:42:42.662] [DEBUG] cheese - login => username:123,password:12314
[2020-08-11T13:42:42.662] [DEBUG] cheese - 123
[2020-08-11T13:42:42.664] [DEBUG] cheese - null
[2020-08-11T13:42:42.664] [DEBUG] cheese - null
[2020-08-11T13:42:46.344] [DEBUG] cheese - login => username:12414,password:124
[2020-08-11T13:42:46.344] [DEBUG] cheese - 12414
[2020-08-11T13:42:46.347] [DEBUG] cheese - null
[2020-08-11T13:42:46.347] [DEBUG] cheese - null
[2020-08-11T13:42:48.551] [DEBUG] cheese - login => username:12414,password:124421
[2020-08-11T13:42:48.551] [DEBUG] cheese - 12414
[2020-08-11T13:42:48.554] [DEBUG] cheese - null
[2020-08-11T13:42:48.554] [DEBUG] cheese - null
[2020-08-11T13:43:21.788] [DEBUG] cheese - login => username:12312,password:3123
[2020-08-11T13:43:21.789] [DEBUG] cheese - 12312
[2020-08-11T13:43:21.791] [DEBUG] cheese - null
[2020-08-11T13:43:21.791] [DEBUG] cheese - null
[2020-08-11T13:44:36.597] [DEBUG] cheese - login => username:12312,password:3123
[2020-08-11T13:44:36.597] [DEBUG] cheese - 12312
[2020-08-11T13:44:36.599] [DEBUG] cheese - null
[2020-08-11T13:44:36.599] [DEBUG] cheese - null
[2020-08-11T13:44:37.047] [DEBUG] cheese - login => username:12312,password:3123
[2020-08-11T13:44:37.048] [DEBUG] cheese - 12312
[2020-08-11T13:44:37.050] [DEBUG] cheese - null
[2020-08-11T13:44:37.050] [DEBUG] cheese - null
[2020-08-11T13:44:37.424] [DEBUG] cheese - login => username:12312,password:3123
[2020-08-11T13:44:37.424] [DEBUG] cheese - 12312
[2020-08-11T13:44:37.426] [DEBUG] cheese - null
[2020-08-11T13:44:37.426] [DEBUG] cheese - null
[2020-08-11T13:56:29.276] [DEBUG] cheese - login => username:123,password:1313
[2020-08-11T13:56:29.276] [DEBUG] cheese - 123
[2020-08-11T13:56:29.279] [DEBUG] cheese - null
[2020-08-11T13:56:29.281] [DEBUG] cheese - null
[2020-08-11T13:58:00.964] [DEBUG] cheese - login => username:1231,password:213
[2020-08-11T13:58:00.964] [DEBUG] cheese - 1231
[2020-08-11T13:58:00.966] [DEBUG] cheese - null
[2020-08-11T13:58:00.966] [DEBUG] cheese - null
[2020-08-11T13:58:16.426] [DEBUG] cheese - login => username:231,password:233
[2020-08-11T13:58:16.426] [DEBUG] cheese - 231
[2020-08-11T13:58:16.428] [DEBUG] cheese - null
[2020-08-11T13:58:16.428] [DEBUG] cheese - null
[2020-08-11T13:59:17.658] [DEBUG] cheese - login => username:admin,password:123456
[2020-08-11T13:59:17.659] [DEBUG] cheese - admin
[2020-08-11T13:59:17.665] [DEBUG] cheese - null
[2020-08-11T13:59:17.665] [DEBUG] cheese - null
[2020-08-11T13:59:41.145] [DEBUG] cheese - login => username:admin,password:123456
[2020-08-11T13:59:41.145] [DEBUG] cheese - admin
[2020-08-11T13:59:41.147] [DEBUG] cheese - null
[2020-08-11T13:59:41.147] [DEBUG] cheese - null
[2020-08-11T13:59:42.239] [DEBUG] cheese - login => username:admin,password:123456
[2020-08-11T13:59:42.239] [DEBUG] cheese - admin
[2020-08-11T13:59:42.244] [DEBUG] cheese - null
[2020-08-11T13:59:42.244] [DEBUG] cheese - null
[2020-08-11T13:59:52.309] [DEBUG] cheese - login => username:12312,password:2131
[2020-08-11T13:59:52.309] [DEBUG] cheese - 12312
[2020-08-11T13:59:52.311] [DEBUG] cheese - null
[2020-08-11T13:59:52.311] [DEBUG] cheese - null
[2020-08-11T14:00:00.201] [DEBUG] cheese - login => username:admin,password:123456
[2020-08-11T14:00:00.201] [DEBUG] cheese - admin
[2020-08-11T14:00:00.204] [DEBUG] cheese - null
[2020-08-11T14:00:00.204] [DEBUG] cheese - null
[2020-08-11T14:00:02.015] [DEBUG] cheese - login => username:admin,password:123456
[2020-08-11T14:00:02.015] [DEBUG] cheese - admin
[2020-08-11T14:00:02.019] [DEBUG] cheese - null
[2020-08-11T14:00:02.019] [DEBUG] cheese - null
[2020-08-11T14:00:02.310] [DEBUG] cheese - login => username:admin,password:123456
[2020-08-11T14:00:02.310] [DEBUG] cheese - admin
[2020-08-11T14:00:02.313] [DEBUG] cheese - null
[2020-08-11T14:00:02.313] [DEBUG] cheese - null
[2020-08-11T14:00:23.572] [DEBUG] cheese - login => username:admin,password:123456
[2020-08-11T14:00:23.573] [DEBUG] cheese - admin
[2020-08-11T14:00:23.575] [DEBUG] cheese - null
[2020-08-11T14:00:23.575] [DEBUG] cheese - null
[2020-08-11T14:00:56.242] [DEBUG] cheese - login => username:admin,password:123456
[2020-08-11T14:00:56.242] [DEBUG] cheese - admin
[2020-08-11T14:00:56.244] [DEBUG] cheese - null
[2020-08-11T14:00:56.245] [DEBUG] cheese - null
[2020-08-11T14:00:57.263] [DEBUG] cheese - login => username:admin,password:123456
[2020-08-11T14:00:57.263] [DEBUG] cheese - admin
[2020-08-11T14:00:57.266] [DEBUG] cheese - null
[2020-08-11T14:00:57.266] [DEBUG] cheese - null
[2020-08-11T14:00:59.390] [DEBUG] cheese - login => username:admin2,password:123456
[2020-08-11T14:00:59.391] [DEBUG] cheese - admin2
[2020-08-11T14:00:59.393] [DEBUG] cheese - null
[2020-08-11T14:00:59.393] [DEBUG] cheese - null
[2020-08-11T14:01:06.079] [DEBUG] cheese - login => username:admin2,password:123456
[2020-08-11T14:01:06.080] [DEBUG] cheese - admin2
[2020-08-11T14:01:06.081] [DEBUG] cheese - null
[2020-08-11T14:01:06.081] [DEBUG] cheese - null
[2020-08-11T14:01:06.840] [DEBUG] cheese - login => username:admin2,password:123456
[2020-08-11T14:01:06.840] [DEBUG] cheese - admin2
[2020-08-11T14:01:06.844] [DEBUG] cheese - null
[2020-08-11T14:01:06.844] [DEBUG] cheese - null
[2020-08-11T14:01:07.423] [DEBUG] cheese - login => username:admin2,password:123456
[2020-08-11T14:01:07.423] [DEBUG] cheese - admin2
[2020-08-11T14:01:07.425] [DEBUG] cheese - null
[2020-08-11T14:01:07.425] [DEBUG] cheese - null
[2020-08-11T14:01:07.744] [DEBUG] cheese - login => username:admin2,password:123456
[2020-08-11T14:01:07.744] [DEBUG] cheese - admin2
[2020-08-11T14:01:07.746] [DEBUG] cheese - null
[2020-08-11T14:01:07.746] [DEBUG] cheese - null
[2020-08-11T14:01:15.178] [DEBUG] cheese - login => username:adm2122,password:123456
[2020-08-11T14:01:15.178] [DEBUG] cheese - adm2122
[2020-08-11T14:01:15.180] [DEBUG] cheese - null
[2020-08-11T14:01:15.181] [DEBUG] cheese - null
[2020-08-11T14:01:18.551] [DEBUG] cheese - login => username:adm21,password:123456
[2020-08-11T14:01:18.551] [DEBUG] cheese - adm21
[2020-08-11T14:01:18.553] [DEBUG] cheese - null
[2020-08-11T14:01:18.553] [DEBUG] cheese - null
[2020-08-11T14:01:23.456] [DEBUG] cheese - login => username:admin,password:123456
[2020-08-11T14:01:23.456] [DEBUG] cheese - admin
[2020-08-11T14:01:23.459] [DEBUG] cheese - null
[2020-08-11T14:01:23.459] [DEBUG] cheese - null
[2020-08-11T14:01:53.006] [DEBUG] cheese - login => username:admin,password:123456
[2020-08-11T14:01:53.006] [DEBUG] cheese - admin
[2020-08-11T14:01:53.010] [DEBUG] cheese - null
[2020-08-11T14:01:53.010] [DEBUG] cheese - null
[2020-08-11T14:01:54.061] [DEBUG] cheese - login => username:admin,password:123456
[2020-08-11T14:01:54.061] [DEBUG] cheese - admin
[2020-08-11T14:01:54.065] [DEBUG] cheese - null
[2020-08-11T14:01:54.065] [DEBUG] cheese - null
[2020-08-11T14:01:54.318] [DEBUG] cheese - login => username:admin,password:123456
[2020-08-11T14:01:54.318] [DEBUG] cheese - admin
[2020-08-11T14:01:54.321] [DEBUG] cheese - null
[2020-08-11T14:01:54.321] [DEBUG] cheese - null
[2020-08-11T14:01:54.541] [DEBUG] cheese - login => username:admin,password:123456
[2020-08-11T14:01:54.541] [DEBUG] cheese - admin
[2020-08-11T14:01:54.545] [DEBUG] cheese - null
[2020-08-11T14:01:54.545] [DEBUG] cheese - null
[2020-08-11T14:02:00.467] [DEBUG] cheese - login => username:123123,password:123123
[2020-08-11T14:02:00.467] [DEBUG] cheese - 123123
[2020-08-11T14:02:00.469] [DEBUG] cheese - null
[2020-08-11T14:02:00.470] [DEBUG] cheese - null
[2020-08-11T14:02:07.419] [DEBUG] cheese - login => username:admin,password:123456
[2020-08-11T14:02:07.419] [DEBUG] cheese - admin
[2020-08-11T14:02:07.421] [DEBUG] cheese - null
[2020-08-11T14:02:07.421] [DEBUG] cheese - null
[2020-08-11T14:02:31.250] [DEBUG] cheese - login => username:admin,password:123456
[2020-08-11T14:02:31.251] [DEBUG] cheese - admin
[2020-08-11T14:02:31.253] [DEBUG] cheese - null
[2020-08-11T14:02:31.253] [DEBUG] cheese - null
[2020-08-11T14:02:36.606] [DEBUG] cheese - login => username:admin,password:123456
[2020-08-11T14:02:36.606] [DEBUG] cheese - admin
[2020-08-11T14:02:36.609] [DEBUG] cheese - null
[2020-08-11T14:02:36.609] [DEBUG] cheese - null
[2020-08-11T14:03:57.808] [DEBUG] cheese - login => username:admin,password:123456
[2020-08-11T14:03:57.808] [DEBUG] cheese - admin
[2020-08-11T14:03:57.810] [DEBUG] cheese - null
[2020-08-11T14:03:57.811] [DEBUG] cheese - null
[2020-08-11T14:04:31.608] [DEBUG] cheese - login => username:admin,password:123456
[2020-08-11T14:04:31.608] [DEBUG] cheese - admin
[2020-08-11T14:04:31.610] [DEBUG] cheese - null
[2020-08-11T14:04:31.610] [DEBUG] cheese - null
[2020-08-11T14:04:34.493] [DEBUG] cheese - login => username:admin,password:123456
[2020-08-11T14:04:34.493] [DEBUG] cheese - admin
[2020-08-11T14:04:34.495] [DEBUG] cheese - null
[2020-08-11T14:04:34.495] [DEBUG] cheese - null
[2020-08-11T14:04:54.203] [DEBUG] cheese - login => username:admin,password:123456
[2020-08-11T14:04:54.203] [DEBUG] cheese - admin
[2020-08-11T14:04:54.206] [DEBUG] cheese - null
[2020-08-11T14:04:54.206] [DEBUG] cheese - null
[2020-08-11T14:09:47.452] [DEBUG] cheese - login => username:admin,password:123456
[2020-08-11T14:09:47.452] [DEBUG] cheese - admin
[2020-08-11T14:09:47.455] [DEBUG] cheese - null
[2020-08-11T14:09:47.455] [DEBUG] cheese - null
[2020-08-11T14:10:31.124] [DEBUG] cheese - login => username:admin,password:123456
[2020-08-11T14:10:31.124] [DEBUG] cheese - admin
[2020-08-11T14:10:31.129] [DEBUG] cheese - null
[2020-08-11T14:10:31.130] [DEBUG] cheese - null
[2020-08-11T14:12:46.955] [DEBUG] cheese - login => username:admin,password:123456
[2020-08-11T14:12:46.955] [DEBUG] cheese - admin
[2020-08-11T14:12:46.957] [DEBUG] cheese - null
[2020-08-11T14:12:46.957] [DEBUG] cheese - null
[2020-08-11T14:12:47.832] [DEBUG] cheese - login => username:admin,password:123456
[2020-08-11T14:12:47.833] [DEBUG] cheese - admin
[2020-08-11T14:12:47.836] [DEBUG] cheese - null
[2020-08-11T14:12:47.837] [DEBUG] cheese - null
[2020-08-11T14:14:28.609] [DEBUG] cheese - login => username:admin,password:123456
[2020-08-11T14:14:28.609] [DEBUG] cheese - admin
[2020-08-11T14:14:28.612] [DEBUG] cheese - null
[2020-08-11T14:14:28.612] [DEBUG] cheese - null
[2020-08-11T14:14:30.000] [DEBUG] cheese - login => username:admin,password:123456
[2020-08-11T14:14:30.000] [DEBUG] cheese - admin
[2020-08-11T14:14:30.004] [DEBUG] cheese - null
[2020-08-11T14:14:30.004] [DEBUG] cheese - null
[2020-08-11T14:14:35.203] [DEBUG] cheese - login => username:admin,password:123456
[2020-08-11T14:14:35.203] [DEBUG] cheese - admin
[2020-08-11T14:14:35.205] [DEBUG] cheese - null
[2020-08-11T14:14:35.205] [DEBUG] cheese - null
[2020-08-11T14:14:42.848] [DEBUG] cheese - login => username:admin,password:123456
[2020-08-11T14:14:42.849] [DEBUG] cheese - admin
[2020-08-11T14:14:42.851] [DEBUG] cheese - null
[2020-08-11T14:14:42.851] [DEBUG] cheese - null
[2020-08-11T14:15:04.322] [DEBUG] cheese - login => username:admin,password:123456
[2020-08-11T14:15:04.322] [DEBUG] cheese - admin
[2020-08-11T14:15:04.325] [DEBUG] cheese - null
[2020-08-11T14:15:04.325] [DEBUG] cheese - null
[2020-08-11T14:15:20.630] [DEBUG] cheese - login => username:admin,password:123456
[2020-08-11T14:15:20.630] [DEBUG] cheese - admin
[2020-08-11T14:15:20.634] [DEBUG] cheese - null
[2020-08-11T14:15:20.634] [DEBUG] cheese - null
[2020-08-11T14:16:44.539] [DEBUG] cheese - login => username:admin,password:123456
[2020-08-11T14:16:44.540] [DEBUG] cheese - admin
[2020-08-11T14:16:44.543] [DEBUG] cheese - null
[2020-08-11T14:16:44.543] [DEBUG] cheese - null
[2020-08-11T14:16:45.758] [DEBUG] cheese - login => username:admin,password:123456
[2020-08-11T14:16:45.758] [DEBUG] cheese - admin
[2020-08-11T14:16:45.761] [DEBUG] cheese - null
[2020-08-11T14:16:45.761] [DEBUG] cheese - null
[2020-08-11T14:16:46.423] [DEBUG] cheese - login => username:admin,password:123456
[2020-08-11T14:16:46.423] [DEBUG] cheese - admin
[2020-08-11T14:16:46.426] [DEBUG] cheese - null
[2020-08-11T14:16:46.427] [DEBUG] cheese - null
[2020-08-11T14:17:28.679] [DEBUG] cheese - login => username:admin,password:123456
[2020-08-11T14:17:28.680] [DEBUG] cheese - admin
[2020-08-11T14:17:28.682] [DEBUG] cheese - null
[2020-08-11T14:17:28.682] [DEBUG] cheese - null
[2020-08-11T14:17:29.725] [DEBUG] cheese - login => username:admin,password:123456
[2020-08-11T14:17:29.725] [DEBUG] cheese - admin
[2020-08-11T14:17:29.727] [DEBUG] cheese - null
[2020-08-11T14:17:29.727] [DEBUG] cheese - null
[2020-08-11T14:17:32.486] [DEBUG] cheese - login => username:admin,password:123456
[2020-08-11T14:17:32.486] [DEBUG] cheese - admin
[2020-08-11T14:17:32.489] [DEBUG] cheese - null
[2020-08-11T14:17:32.489] [DEBUG] cheese - null
[2020-08-11T14:19:32.850] [DEBUG] cheese - login => username:admin,password:123456
[2020-08-11T14:19:32.850] [DEBUG] cheese - admin
[2020-08-11T14:19:32.852] [DEBUG] cheese - null
[2020-08-11T14:19:32.852] [DEBUG] cheese - null
[2020-08-11T14:21:52.560] [DEBUG] cheese - login => username:admin,password:123456
[2020-08-11T14:21:52.560] [DEBUG] cheese - admin
[2020-08-11T14:21:52.566] [DEBUG] cheese - null
[2020-08-11T14:21:52.566] [DEBUG] cheese - null
[2020-08-11T14:34:19.940] [DEBUG] cheese - login => username:admin,password:123456
[2020-08-11T14:34:19.940] [DEBUG] cheese - admin
[2020-08-11T14:34:19.943] [DEBUG] cheese - null
[2020-08-11T14:34:19.943] [DEBUG] cheese - null
[2020-08-11T14:54:05.569] [DEBUG] cheese - login => username:admin,password:123456
[2020-08-11T14:54:05.569] [DEBUG] cheese - admin
[2020-08-11T14:54:05.573] [DEBUG] cheese - null
[2020-08-11T14:54:05.573] [DEBUG] cheese - null
[2020-08-11T14:54:10.877] [DEBUG] cheese - login => username:admin,password:123456
[2020-08-11T14:54:10.877] [DEBUG] cheese - admin
[2020-08-11T14:54:10.879] [DEBUG] cheese - null
[2020-08-11T14:54:10.879] [DEBUG] cheese - null
[2020-08-11T14:55:19.768] [DEBUG] cheese - login => username:admin,password:123456
[2020-08-11T14:55:19.768] [DEBUG] cheese - admin
[2020-08-11T14:55:19.772] [DEBUG] cheese - null
[2020-08-11T14:55:19.772] [DEBUG] cheese - null
[2020-08-11T14:55:33.581] [DEBUG] cheese - login => username:admin,password:123456
[2020-08-11T14:55:33.582] [DEBUG] cheese - admin
[2020-08-11T14:55:33.584] [DEBUG] cheese - null
[2020-08-11T14:55:33.584] [DEBUG] cheese - null
[2020-08-11T15:00:11.317] [DEBUG] cheese - login => username:admin,password:123456
[2020-08-11T15:00:11.317] [DEBUG] cheese - admin
[2020-08-11T15:00:11.319] [DEBUG] cheese - null
[2020-08-11T15:00:11.319] [DEBUG] cheese - null
[2020-08-11T15:08:54.348] [DEBUG] cheese - login => username:admin,password:123456
[2020-08-11T15:08:54.349] [DEBUG] cheese - admin
[2020-08-11T15:08:54.351] [DEBUG] cheese - null
[2020-08-11T15:08:54.352] [DEBUG] cheese - null
[2020-08-11T19:06:54.793] [DEBUG] cheese - login => username:admin,password:123456
[2020-08-11T19:06:54.795] [DEBUG] cheese - admin
[2020-08-11T19:06:54.895] [DEBUG] cheese - null
[2020-08-11T19:06:54.895] [DEBUG] cheese - null
[2020-08-11T19:07:01.376] [DEBUG] cheese - login => username:admin,password:123456
[2020-08-11T19:07:01.376] [DEBUG] cheese - admin
[2020-08-11T19:07:01.379] [DEBUG] cheese - null
[2020-08-11T19:07:01.379] [DEBUG] cheese - null
[2020-08-11T19:07:18.089] [DEBUG] cheese - login => username:admin,password:123456
[2020-08-11T19:07:18.089] [DEBUG] cheese - admin
[2020-08-11T19:07:18.092] [DEBUG] cheese - null
[2020-08-11T19:07:18.092] [DEBUG] cheese - null
[2020-08-11T20:40:51.489] [DEBUG] cheese - login => username:admin,password:123456
[2020-08-11T20:40:51.489] [DEBUG] cheese - admin
[2020-08-11T20:40:51.497] [DEBUG] cheese - null
[2020-08-11T20:40:51.497] [DEBUG] cheese - null
[2020-08-11T20:46:42.695] [DEBUG] cheese - login => username:admin,password:123456
[2020-08-11T20:46:42.695] [DEBUG] cheese - admin
[2020-08-11T20:46:42.698] [DEBUG] cheese - null
[2020-08-11T20:46:42.698] [DEBUG] cheese - null
[2020-08-11T21:16:38.394] [DEBUG] cheese - login => username:admin,password:123456
[2020-08-11T21:16:38.394] [DEBUG] cheese - admin
[2020-08-11T21:16:38.396] [DEBUG] cheese - null
[2020-08-11T21:16:38.396] [DEBUG] cheese - null
[2020-08-11T21:25:30.921] [DEBUG] cheese - login => username:admin,password:123456
[2020-08-11T21:25:30.921] [DEBUG] cheese - admin
[2020-08-11T21:25:30.925] [DEBUG] cheese - null
[2020-08-11T21:25:30.925] [DEBUG] cheese - null
[2020-08-11T21:25:43.355] [DEBUG] cheese - login => username:admin,password:123456
[2020-08-11T21:25:43.355] [DEBUG] cheese - admin
[2020-08-11T21:25:43.357] [DEBUG] cheese - null
[2020-08-11T21:25:43.357] [DEBUG] cheese - null
[2020-08-11T21:34:57.190] [DEBUG] cheese - login => username:admin,password:123456
[2020-08-11T21:34:57.190] [DEBUG] cheese - admin
[2020-08-11T21:34:57.192] [DEBUG] cheese - null
[2020-08-11T21:34:57.193] [DEBUG] cheese - null
[2020-08-11T21:55:07.813] [DEBUG] cheese - login => username:admin,password:123456
[2020-08-11T21:55:07.814] [DEBUG] cheese - admin
[2020-08-11T21:55:07.816] [DEBUG] cheese - null
[2020-08-11T21:55:07.816] [DEBUG] cheese - null
[2020-08-11T22:29:57.078] [DEBUG] cheese - login => username:admin,password:123456
[2020-08-11T22:29:57.078] [DEBUG] cheese - admin
[2020-08-11T22:29:57.081] [DEBUG] cheese - null
[2020-08-11T22:29:57.081] [DEBUG] cheese - null
[2020-08-12T14:29:33.819] [DEBUG] cheese - login => username:admin,password:123456
[2020-08-12T14:29:33.819] [DEBUG] cheese - admin
[2020-08-12T14:29:33.822] [DEBUG] cheese - null
[2020-08-12T14:29:33.822] [DEBUG] cheese - null
[2020-08-12T15:05:21.146] [DEBUG] cheese - login => username:admin,password:123456
[2020-08-12T15:05:21.147] [DEBUG] cheese - admin
[2020-08-12T15:05:21.149] [DEBUG] cheese - null
[2020-08-12T15:05:21.149] [DEBUG] cheese - null
[2020-08-13T13:48:16.440] [DEBUG] cheese - null
[2020-08-13T13:48:23.513] [DEBUG] cheese - null
[2020-08-13T13:50:05.480] [DEBUG] cheese - null
[2020-08-13T13:50:16.919] [DEBUG] cheese - null
[2020-08-13T13:51:11.244] [DEBUG] cheese - null
[2020-08-13T13:51:34.931] [DEBUG] cheese - null
[2020-08-13T13:51:50.720] [DEBUG] cheese - null
[2020-08-13T13:56:06.312] [DEBUG] cheese - null
[2020-08-13T13:56:22.742] [DEBUG] cheese - null
[2020-08-13T13:57:11.274] [DEBUG] cheese - null
[2020-08-13T13:57:36.875] [DEBUG] cheese - null
[2020-08-13T13:59:34.928] [DEBUG] cheese - null
[2020-08-13T14:09:08.913] [DEBUG] cheese - null
[2020-08-13T14:09:58.594] [DEBUG] cheese - null
[2020-08-13T14:12:17.765] [DEBUG] cheese - null
[2020-08-13T14:13:08.368] [DEBUG] cheese - null
[2020-08-13T14:14:23.880] [DEBUG] cheese - null
[2020-08-13T14:15:06.298] [DEBUG] cheese - null
[2020-08-13T15:06:11.816] [DEBUG] cheese - login => username:admin,password:123456
[2020-08-13T15:06:11.816] [DEBUG] cheese - admin
[2020-08-13T15:06:11.820] [DEBUG] cheese - null
[2020-08-13T15:06:11.821] [DEBUG] cheese - null
[2020-08-13T21:22:20.213] [DEBUG] cheese - null
[2020-08-13T21:22:22.649] [DEBUG] cheese - null
[2020-08-13T21:22:26.210] [DEBUG] cheese - null
[2020-08-17T09:55:25.959] [DEBUG] cheese - login => username:admin,password:123456
[2020-08-17T09:55:25.961] [DEBUG] cheese - admin
[2020-08-17T09:55:25.999] [DEBUG] cheese - null
[2020-08-17T09:55:26.000] [DEBUG] cheese - null
[2020-08-17T11:59:26.734] [DEBUG] cheese - login => username:admin,password:123456
[2020-08-17T11:59:26.735] [DEBUG] cheese - admin
[2020-08-17T11:59:26.739] [DEBUG] cheese - null
[2020-08-17T11:59:26.739] [DEBUG] cheese - null
